--------------------------------------------------------------------------------
Release 14.4 Trace  (nt)
Copyright (c) 1995-2012 Xilinx, Inc.  All rights reserved.

E:\xilinx\14.4\ISE_DS\ISE\bin\nt\unwrapped\trce.exe -intstyle ise -v 3 -s 4 -n
3 -fastpaths -xml HitTheMouse.twx HitTheMouse.ncd -o HitTheMouse.twr
HitTheMouse.pcf -ucf Basys2UserDemo.ucf

Design file:              HitTheMouse.ncd
Physical constraint file: HitTheMouse.pcf
Device,package,speed:     xc3s500e,fg320,-4 (PRODUCTION 1.27 2012-12-04)
Report level:             verbose report

Environment Variable      Effect 
--------------------      ------ 
NONE                      No environment variables were set
--------------------------------------------------------------------------------

INFO:Timing:2698 - No timing constraints found, doing default enumeration.
INFO:Timing:3412 - To improve timing, see the Timing Closure User Guide (UG612).
INFO:Timing:2752 - To get complete path coverage, use the unconstrained paths 
   option. All paths that are not constrained will be reported in the 
   unconstrained paths section(s) of the report.
INFO:Timing:3339 - The clock-to-out numbers in this timing report are based on 
   a 50 Ohm transmission line loading model.  For the details of this model, 
   and for more information on accounting for different loading conditions, 
   please see the device datasheet.
INFO:Timing:3390 - This architecture does not support a default System Jitter 
   value, please add SYSTEM_JITTER constraint to the UCF to modify the Clock 
   Uncertainty calculation.
INFO:Timing:3389 - This architecture does not support 'Discrete Jitter' and 
   'Phase Error' calculations, these terms will be zero in the Clock 
   Uncertainty calculation.  Please make appropriate modification to 
   SYSTEM_JITTER to account for the unsupported Discrete Jitter and Phase 
   Error.



Data Sheet report:
-----------------
All values displayed in nanoseconds (ns)

Clock mclk to Pad
------------+------------+------------------+--------+
            | clk (edge) |                  | Clock  |
Destination |   to PAD   |Internal Clock(s) | Phase  |
------------+------------+------------------+--------+
OutBlue     |   22.109(R)|mclk_BUFGP        |   0.000|
OutGreen    |   21.811(R)|mclk_BUFGP        |   0.000|
OutRed      |   23.160(R)|mclk_BUFGP        |   0.000|
bgm         |    9.084(R)|mclk_BUFGP        |   0.000|
led<0>      |    6.132(R)|mclk_BUFGP        |   0.000|
led<1>      |    6.132(R)|mclk_BUFGP        |   0.000|
led<2>      |    6.138(R)|mclk_BUFGP        |   0.000|
led<3>      |    6.138(R)|mclk_BUFGP        |   0.000|
led<4>      |    6.150(R)|mclk_BUFGP        |   0.000|
led<5>      |    6.150(R)|mclk_BUFGP        |   0.000|
led<6>      |    6.155(R)|mclk_BUFGP        |   0.000|
led<7>      |    6.155(R)|mclk_BUFGP        |   0.000|
soundwave   |    7.161(R)|mclk_BUFGP        |   0.000|
------------+------------+------------------+--------+

Clock to Setup on destination clock mclk
---------------+---------+---------+---------+---------+
               | Src:Rise| Src:Fall| Src:Rise| Src:Fall|
Source Clock   |Dest:Rise|Dest:Rise|Dest:Fall|Dest:Fall|
---------------+---------+---------+---------+---------+
mclk           |    9.429|         |         |         |
---------------+---------+---------+---------+---------+


Analysis completed Wed Jul 03 21:47:23 2013 
--------------------------------------------------------------------------------

Trace Settings:
-------------------------
Trace Settings 

Peak Memory Usage: 148 MB



